<?xml version="1.0" encoding="UTF-8"?>
<!-- Generated by org.testng.reporters.JUnitReportReporter -->
<testsuite hostname="IB-Pune-LAP-245" failures="0" tests="1" name="RESTAPITest.RESTAPITesting.AddBoook" time="2.472" errors="0" timestamp="06 Jul 2022 05:56:07 GMT" skipped="0">
  <testcase classname="RESTAPITest.RESTAPITesting.AddBoook" name="AddBook" time="2.472"/>
</testsuite> <!-- RESTAPITest.RESTAPITesting.AddBoook -->
