<?xml version="1.0" encoding="UTF-8"?>
<!-- Generated by org.testng.reporters.JUnitReportReporter -->
<testsuite hostname="IB-Pune-LAP-245" failures="0" tests="2" name="RESTAPITest.RESTAPITesting.DynamicJson" time="2.598" errors="0" timestamp="13 Jul 2022 14:11:56 GMT" skipped="0">
  <testcase classname="RESTAPITest.RESTAPITesting.DynamicJson" name="addBook" time="0.088"/>
  <testcase classname="RESTAPITest.RESTAPITesting.DynamicJson" name="addBook" time="2.510"/>
</testsuite> <!-- RESTAPITest.RESTAPITesting.DynamicJson -->
