<?xml version="1.0" encoding="UTF-8"?>
<!-- Generated by org.testng.reporters.JUnitReportReporter -->
<testsuite hostname="IB-Pune-LAP-245" failures="0" tests="1" name="TestNGDemo.DeletePlace" time="4.763" errors="0" timestamp="13 Jul 2022 17:32:36 GMT" skipped="0">
  <testcase classname="TestNGDemo.DeletePlace" name="deletePlace" time="4.763"/>
</testsuite> <!-- TestNGDemo.DeletePlace -->
