<?xml version="1.0" encoding="UTF-8"?>
<!-- Generated by org.testng.reporters.JUnitReportReporter -->
<testsuite hostname="IB-Pune-LAP-245" failures="0" tests="2" name="TestNGDemo.DynamicJson" time="2.587" errors="0" timestamp="13 Jul 2022 14:17:59 GMT" skipped="0">
  <testcase classname="TestNGDemo.DynamicJson" name="addBook" time="2.491"/>
  <testcase classname="TestNGDemo.DynamicJson" name="addBook" time="0.096"/>
</testsuite> <!-- TestNGDemo.DynamicJson -->
