<?xml version="1.0" encoding="UTF-8"?>
<!-- Generated by org.testng.reporters.JUnitReportReporter -->
<testsuite hostname="IB-Pune-LAP-245" failures="0" tests="1" name="TestNGDemo.AddPlace" time="2.421" errors="0" timestamp="13 Jul 2022 09:06:44 GMT" skipped="0">
  <testcase classname="TestNGDemo.AddPlace" name="postData" time="2.421"/>
</testsuite> <!-- TestNGDemo.AddPlace -->
