<?xml version="1.0" encoding="UTF-8"?>
<!-- Generated by org.testng.reporters.JUnitReportReporter -->
<testsuite hostname="IB-Pune-LAP-245" failures="0" tests="1" name="TestNGDemo.GetPlace" time="0.723" errors="0" timestamp="14 Jul 2022 05:53:47 GMT" skipped="0">
  <testcase classname="TestNGDemo.GetPlace" name="getPlace" time="0.723"/>
</testsuite> <!-- TestNGDemo.GetPlace -->
