<?xml version="1.0" encoding="UTF-8"?>
<!-- Generated by org.testng.reporters.JUnitReportReporter -->
<testsuite hostname="IB-Pune-LAP-245" failures="0" tests="1" name="TestNGDemo.Test1" time="2.369" errors="0" timestamp="13 Jul 2022 06:22:41 GMT" skipped="0">
  <testcase classname="TestNGDemo.Test1" name="postData" time="2.369"/>
</testsuite> <!-- TestNGDemo.Test1 -->
