<?xml version="1.0" encoding="UTF-8"?>
<!-- Generated by org.testng.reporters.JUnitReportReporter -->
<testsuite skipped="0" hostname="IB-Pune-LAP-245" name="SeleniumPractise.E2EFramework.ErrorValidation" tests="2" failures="0" timestamp="2022-10-21T15:45:35 IST" time="25.162" errors="0">
  <testcase name="productPageValidation" time="10.990" classname="SeleniumPractise.E2EFramework.ErrorValidation"/>
  <system-out/>
  <testcase name="loginPageErrorValidation" time="14.172" classname="SeleniumPractise.E2EFramework.ErrorValidation"/>
  <system-out/>
</testsuite> <!-- SeleniumPractise.E2EFramework.ErrorValidation -->
