<?xml version="1.0" encoding="UTF-8"?>
<!-- Generated by org.testng.reporters.JUnitReportReporter -->
<testsuite skipped="0" hostname="IB-Pune-LAP-245" name="SeleniumPractise.E2EFramework.AppTest" tests="1" failures="0" timestamp="2022-10-21T12:56:38 IST" time="0.006" errors="0">
  <testcase name="shouldAnswerWithTrue" time="0.006" classname="SeleniumPractise.E2EFramework.AppTest"/>
  <system-out/>
</testsuite> <!-- SeleniumPractise.E2EFramework.AppTest -->
