<?xml version="1.0" encoding="UTF-8"?>
<!-- Generated by org.testng.reporters.JUnitReportReporter -->
<testsuite hostname="IB-Pune-LAP-245" failures="0" tests="4" name="RestAPIPractice.RestDemo.DynamicJson" time="4.465" errors="0" timestamp="2022-09-29T11:12:56 IST" skipped="0">
  <testcase classname="RestAPIPractice.RestDemo.DynamicJson" name="addBook" time="0.201"/>
  <system-out/>
  <testcase classname="RestAPIPractice.RestDemo.DynamicJson" name="deleteBook" time="0.086"/>
  <system-out/>
  <testcase classname="RestAPIPractice.RestDemo.DynamicJson" name="addBook" time="0.145"/>
  <system-out/>
  <testcase classname="RestAPIPractice.RestDemo.DynamicJson" name="addBook" time="4.033"/>
  <system-out/>
</testsuite> <!-- RestAPIPractice.RestDemo.DynamicJson -->
