<?xml version="1.0" encoding="UTF-8"?>
<!-- Generated by org.testng.reporters.JUnitReportReporter -->
<testsuite hostname="IB-Pune-LAP-245" failures="0" tests="1" name="RestAPIPractice.RestDemo.SumValidation" time="1.976" errors="0" timestamp="2022-09-28T12:05:59 IST" skipped="0">
  <testcase classname="RestAPIPractice.RestDemo.SumValidation" name="sum" time="1.976"/>
  <system-out/>
</testsuite> <!-- RestAPIPractice.RestDemo.SumValidation -->
