<?xml version="1.0" encoding="UTF-8"?>
<!-- Generated by org.testng.reporters.JUnitReportReporter -->
<testsuite hostname="IB-Pune-LAP-245" failures="0" tests="1" name="RestAPIPractice.RestDemo.StaticJson" time="2.151" errors="0" timestamp="2022-09-29T11:43:19 IST" skipped="0">
  <testcase classname="RestAPIPractice.RestDemo.StaticJson" name="main" time="2.151"/>
  <system-out/>
</testsuite> <!-- RestAPIPractice.RestDemo.StaticJson -->
