<?xml version="1.0" encoding="UTF-8"?>
<!-- Generated by org.testng.reporters.JUnitReportReporter -->
<testsuite hostname="IB-Pune-LAP-245" failures="0" tests="1" name="E2E.Demo.AddPlace" time="2.169" errors="0" timestamp="2022-07-15T11:56:21 IST" skipped="0">
  <testcase classname="E2E.Demo.AddPlace" name="addPlace" time="2.169"/>
  <system-out/>
</testsuite> <!-- E2E.Demo.AddPlace -->
