<?xml version="1.0" encoding="UTF-8"?>
<!-- Generated by org.testng.reporters.JUnitReportReporter -->
<testsuite hostname="IB-Pune-LAP-245" failures="0" tests="1" name="E2E.Demo.Test1" time="0.472" errors="0" timestamp="2022-07-14T17:25:57 IST" skipped="0">
  <testcase classname="E2E.Demo.Test1" name="getData" time="0.472"/>
  <system-out/>
</testsuite> <!-- E2E.Demo.Test1 -->
