<?xml version="1.0" encoding="UTF-8"?>
<!-- Generated by org.testng.reporters.JUnitReportReporter -->
<testsuite hostname="IB-Pune-LAP-245" failures="0" tests="1" name="ETEProject.TestNG.AddPlace" time="0.009" errors="0" timestamp="2022-07-14T12:22:02 IST" skipped="0">
  <testcase classname="ETEProject.TestNG.AddPlace" name="addPlace" time="0.009"/>
  <system-out/>
</testsuite> <!-- ETEProject.TestNG.AddPlace -->
