<?xml version="1.0" encoding="UTF-8"?>
<!-- Generated by org.testng.reporters.JUnitReportReporter -->
<testsuite hostname="IB-Pune-LAP-245" failures="0" tests="3" name="SeleniumPractise.E2EFramework.E2ETest2" time="44.220" errors="0" timestamp="2022-10-19T14:55:14 IST" skipped="0">
  <testcase classname="SeleniumPractise.E2EFramework.E2ETest2" name="Submit" time="14.803"/>
  <system-out/>
  <testcase classname="SeleniumPractise.E2EFramework.E2ETest2" name="OrderHistoryTest" time="18.314"/>
  <system-out/>
  <testcase classname="SeleniumPractise.E2EFramework.E2ETest2" name="Submit" time="11.103"/>
  <system-out/>
</testsuite> <!-- SeleniumPractise.E2EFramework.E2ETest2 -->
