<?xml version="1.0" encoding="UTF-8"?>
<!-- Generated by org.testng.reporters.JUnitReportReporter -->
<testsuite hostname="IB-Pune-LAP-245" failures="0" tests="4" name="Baldorfood.Assignment1.DataDriven" time="23.352" errors="0" timestamp="2022-08-24T12:46:26 IST" skipped="0">
  <testcase classname="Baldorfood.Assignment1.DataDriven" name="getKeyword" time="6.886"/>
  <system-out/>
  <testcase classname="Baldorfood.Assignment1.DataDriven" name="getKeyword" time="5.300"/>
  <system-out/>
  <testcase classname="Baldorfood.Assignment1.DataDriven" name="getKeyword" time="4.958"/>
  <system-out/>
  <testcase classname="Baldorfood.Assignment1.DataDriven" name="getKeyword" time="6.208"/>
  <system-out/>
</testsuite> <!-- Baldorfood.Assignment1.DataDriven -->
