<?xml version="1.0" encoding="UTF-8"?>
<!-- Generated by org.testng.reporters.JUnitReportReporter -->
<testsuite hostname="IB-Pune-LAP-245" failures="0" tests="4" name="Baldorfood.Assignment1.DataProvider1" time="23.143" errors="0" timestamp="2022-08-24T20:43:21 IST" skipped="0">
  <testcase classname="Baldorfood.Assignment1.DataProvider1" name="getKeyword" time="6.651"/>
  <system-out/>
  <testcase classname="Baldorfood.Assignment1.DataProvider1" name="getKeyword" time="6.639"/>
  <system-out/>
  <testcase classname="Baldorfood.Assignment1.DataProvider1" name="getKeyword" time="4.986"/>
  <system-out/>
  <testcase classname="Baldorfood.Assignment1.DataProvider1" name="getKeyword" time="4.867"/>
  <system-out/>
</testsuite> <!-- Baldorfood.Assignment1.DataProvider1 -->
