<?xml version="1.0" encoding="UTF-8"?>
<!-- Generated by org.testng.reporters.JUnitReportReporter -->
<testsuite hostname="IB-Pune-LAP-245" failures="0" tests="1" name="Baldorfood.Assignment1.AppTest" time="0.016" errors="0" timestamp="2022-08-23T21:14:42 IST" skipped="0">
  <testcase classname="Baldorfood.Assignment1.AppTest" name="shouldAnswerWithTrue" time="0.016"/>
  <system-out/>
</testsuite> <!-- Baldorfood.Assignment1.AppTest -->
