<?xml version="1.0" encoding="UTF-8"?>
<!-- Generated by org.testng.reporters.JUnitReportReporter -->
<testsuite hostname="IB-Pune-LAP-245" failures="0" tests="1" name="actions.MouseHover" time="7.721" errors="0" timestamp="2022-10-27T17:52:43 IST" skipped="0">
  <testcase classname="actions.MouseHover" name="getMouseHover" time="7.721"/>
  <system-out/>
</testsuite> <!-- actions.MouseHover -->
