<?xml version="1.0" encoding="UTF-8"?>
<!-- Generated by org.testng.reporters.JUnitReportReporter -->
<testsuite hostname="IB-Pune-LAP-245" failures="0" tests="1" name="IB.E2EAssignment.HomePage" time="6.036" errors="0" timestamp="2022-08-24T19:07:39 IST" skipped="0">
  <testcase classname="IB.E2EAssignment.HomePage" name="Homepage" time="6.036"/>
  <system-out/>
</testsuite> <!-- IB.E2EAssignment.HomePage -->
