<?xml version="1.0" encoding="UTF-8"?>
<!-- Generated by org.testng.reporters.JUnitReportReporter -->
<testsuite hostname="IB-Pune-LAP-245" failures="0" tests="1" name="IB.E2EAssignment.WriteExcel" time="4.926" errors="0" timestamp="2022-08-26T15:46:25 IST" skipped="0">
  <testcase classname="IB.E2EAssignment.WriteExcel" name="writeData" time="4.926"/>
  <system-out/>
</testsuite> <!-- IB.E2EAssignment.WriteExcel -->
