<?xml version="1.0" encoding="UTF-8"?>
<!-- Generated by org.testng.reporters.JUnitReportReporter -->
<testsuite hostname="IB-Pune-LAP-245" failures="0" tests="4" name="IB.E2EAssignment.LoginPage" time="15.383" errors="0" timestamp="2022-08-26T16:06:56 IST" skipped="0">
  <testcase classname="IB.E2EAssignment.LoginPage" name="Homepage" time="3.572"/>
  <system-out/>
  <testcase classname="IB.E2EAssignment.LoginPage" name="Homepage" time="3.995"/>
  <system-out/>
  <testcase classname="IB.E2EAssignment.LoginPage" name="Homepage" time="3.463"/>
  <system-out/>
  <testcase classname="IB.E2EAssignment.LoginPage" name="Homepage" time="4.353"/>
  <system-out/>
</testsuite> <!-- IB.E2EAssignment.LoginPage -->
