<?xml version="1.0" encoding="UTF-8"?>
<!-- Generated by org.testng.reporters.JUnitReportReporter -->
<testsuite hostname="IB-Pune-LAP-245" failures="0" tests="1" name="IB.E2EAssignment.LoginPageExcel" time="14.690" errors="0" timestamp="2022-08-26T16:00:42 IST" skipped="0">
  <testcase classname="IB.E2EAssignment.LoginPageExcel" name="sendData" time="14.690"/>
  <system-out/>
</testsuite> <!-- IB.E2EAssignment.LoginPageExcel -->
